<?xml version="1.0" encoding="utf-8" standalone="no"?>
<!--This file represents the results of running a test suite-->
<test-results name="C:\Users\DeathByVegetables\Triangles\TriangleAssignment\TriangleTestSuite\bin\Debug\TriangleTestSuite.dll" total="20" errors="0" failures="0" not-run="0" inconclusive="0" ignored="0" skipped="0" invalid="0" date="2010-08-18" time="00:17:57">
  <environment nunit-version="2.5.6.10205" clr-version="2.0.50727.4206" os-version="Microsoft Windows NT 6.0.6002 Service Pack 2" platform="Win32NT" cwd="C:\Users\DeathByVegetables\Triangles\TriangleAssignment\TriangleTestSuite\bin\Debug" machine-name="DEATHBYVEGET-PC" user="DeathByVegetables" user-domain="DeathByVeget-PC" />
  <culture-info current-culture="en-GB" current-uiculture="en-US" />
  <test-suite type="Assembly" name="C:\Users\DeathByVegetables\Triangles\TriangleAssignment\TriangleTestSuite\bin\Debug\TriangleTestSuite.dll" executed="True" result="Success" success="True" time="0.859" asserts="0">
    <results>
      <test-suite type="Namespace" name="GeometricalObjects" executed="True" result="Success" success="True" time="0.851" asserts="0">
        <results>
          <test-suite type="TestFixture" name="GeometryCalculatorTestSuite" executed="True" result="Success" success="True" time="0.090" asserts="0">
            <results>
              <test-suite type="ParameterizedTest" name="CalculateArea_ThreeSides_TriangleArea" executed="True" result="Success" success="True" time="0.022" asserts="0">
                <results>
                  <test-case name="GeometricalObjects.GeometryCalculatorTestSuite.CalculateArea_ThreeSides_TriangleArea(3,4,5,6)" executed="True" result="Success" success="True" time="0.017" asserts="2" />
                </results>
              </test-suite>
              <test-suite type="ParameterizedTest" name="GetHeight_GiveAreaAndBase_ReturnsHeight" executed="True" result="Success" success="True" time="0.001" asserts="0">
                <results>
                  <test-case name="GeometricalObjects.GeometryCalculatorTestSuite.GetHeight_GiveAreaAndBase_ReturnsHeight(12.0d,6.0d,4.0d)" executed="True" result="Success" success="True" time="0.001" asserts="2" />
                  <test-case name="GeometricalObjects.GeometryCalculatorTestSuite.GetHeight_GiveAreaAndBase_ReturnsHeight(48.0d,12.0d,8.0d)" executed="True" result="Success" success="True" time="0.000" asserts="2" />
                </results>
              </test-suite>
              <test-case name="GeometricalObjects.GeometryCalculatorTestSuite.GetHeight_GiveZeroBaseSide_ThrowsArgumentException" executed="True" result="Success" success="True" time="0.003" asserts="0" />
              <test-case name="GeometricalObjects.GeometryCalculatorTestSuite.GetInternalAngle_PassTriangleVertices_ReturnInternalAngle" executed="True" result="Success" success="True" time="0.012" asserts="3" />
              <test-suite type="ParameterizedTest" name="TestCalculator_TwoPointsOnThePlane_DistanceBetweenPoints" executed="True" result="Success" success="True" time="0.019" asserts="0">
                <results>
                  <test-case name="GeometricalObjects.GeometryCalculatorTestSuite.TestCalculator_TwoPointsOnThePlane_DistanceBetweenPoints(3,4,3,6,2)" executed="True" result="Success" success="True" time="0.000" asserts="2" />
                  <test-case name="GeometricalObjects.GeometryCalculatorTestSuite.TestCalculator_TwoPointsOnThePlane_DistanceBetweenPoints(3,4,7,7,5)" executed="True" result="Success" success="True" time="0.000" asserts="2" />
                  <test-case name="GeometricalObjects.GeometryCalculatorTestSuite.TestCalculator_TwoPointsOnThePlane_DistanceBetweenPoints(3,4,3,4,0)" executed="True" result="Success" success="True" time="0.000" asserts="2" />
                  <test-case name="GeometricalObjects.GeometryCalculatorTestSuite.TestCalculator_TwoPointsOnThePlane_DistanceBetweenPoints(8,4,3,4,5)" executed="True" result="Success" success="True" time="0.000" asserts="2" />
                </results>
              </test-suite>
            </results>
          </test-suite>
          <test-suite type="Namespace" name="Tests" executed="True" result="Success" success="True" time="0.749" asserts="0">
            <results>
              <test-suite type="TestFixture" name="TriangleTestSuite" executed="True" result="Success" success="True" time="0.746" asserts="0">
                <results>
                  <test-case name="GeometricalObjects.Tests.TriangleTestSuite.Constructor_InAStraightLine_ThrowsArgumentException" executed="True" result="Success" success="True" time="0.663" asserts="0" />
                  <test-case name="GeometricalObjects.Tests.TriangleTestSuite.Constructor_ThreePointsOnThePlane_ReturnsTriangle" executed="True" result="Success" success="True" time="0.012" asserts="1" />
                  <test-case name="GeometricalObjects.Tests.TriangleTestSuite.IsEquilateral_WhenAllAnglesEqual_ReturnsTrue" executed="True" result="Success" success="True" time="0.007" asserts="2" />
                  <test-case name="GeometricalObjects.Tests.TriangleTestSuite.IsEquilateral_WhenNotAllAnglesEqual_ReturnsFalse" executed="True" result="Success" success="True" time="0.002" asserts="2" />
                  <test-case name="GeometricalObjects.Tests.TriangleTestSuite.IsIsocolese_WhenAllAnglesEqual_ReturnsFalse" executed="True" result="Success" success="True" time="0.003" asserts="2" />
                  <test-case name="GeometricalObjects.Tests.TriangleTestSuite.IsIsocolese_WhenNoSidesEqual_ReturnsFalse" executed="True" result="Success" success="True" time="0.002" asserts="2" />
                  <test-case name="GeometricalObjects.Tests.TriangleTestSuite.IsIsocolese_WhenTwoAnglesEqualButNotThree_ReturnsTrue" executed="True" result="Success" success="True" time="0.002" asserts="2" />
                  <test-case name="GeometricalObjects.Tests.TriangleTestSuite.IsScalene_WhenIsEquilateral_ReturnsFalse" executed="True" result="Success" success="True" time="0.003" asserts="2" />
                  <test-case name="GeometricalObjects.Tests.TriangleTestSuite.IsScalene_WhenIsIscocolese_ReturnsFalse" executed="True" result="Success" success="True" time="0.002" asserts="2" />
                  <test-case name="GeometricalObjects.Tests.TriangleTestSuite.IsScalene_WhenNoSidesEqual_ReturnsTrue" executed="True" result="Success" success="True" time="0.001" asserts="2" />
                  <test-case name="GeometricalObjects.Tests.TriangleTestSuite.Render_WhenCalled_PassesPointsToDrawPolygon" executed="True" result="Success" success="True" time="0.019" asserts="0" />
                </results>
              </test-suite>
            </results>
          </test-suite>
        </results>
      </test-suite>
    </results>
  </test-suite>
</test-results>