<?xml version="1.0" encoding="utf-8" standalone="no"?>
<!--This file represents the results of running a test suite-->
<test-results name="C:\Users\DeathByVegetables\Triangles\TriangleAssignment\TriangleTestSuite\bin\Debug\TriangleTestSuite.dll" total="10" errors="0" failures="0" not-run="0" inconclusive="0" ignored="0" skipped="0" invalid="0" date="2010-08-10" time="21:43:56">
  <environment nunit-version="2.5.6.10205" clr-version="2.0.50727.4200" os-version="Microsoft Windows NT 6.0.6002 Service Pack 2" platform="Win32NT" cwd="C:\Users\DeathByVegetables\Triangles\TriangleAssignment\TriangleTestSuite\bin\Debug" machine-name="DEATHBYVEGET-PC" user="DeathByVegetables" user-domain="DeathByVeget-PC" />
  <culture-info current-culture="en-GB" current-uiculture="en-US" />
  <test-suite type="Assembly" name="C:\Users\DeathByVegetables\Triangles\TriangleAssignment\TriangleTestSuite\bin\Debug\TriangleTestSuite.dll" executed="True" result="Success" success="True" time="0.736" asserts="0">
    <results>
      <test-suite type="Namespace" name="GeometricalObjects" executed="True" result="Success" success="True" time="0.730" asserts="0">
        <results>
          <test-suite type="Namespace" name="Tests" executed="True" result="Success" success="True" time="0.720" asserts="0">
            <results>
              <test-suite type="TestFixture" name="TriangleTestSuite" executed="True" result="Success" success="True" time="0.708" asserts="0">
                <results>
                  <test-case name="GeometricalObjects.Tests.TriangleTestSuite.Constructor_InAStraightLine_ThrowsArgumentException" executed="True" result="Success" success="True" time="0.604" asserts="0" />
                  <test-case name="GeometricalObjects.Tests.TriangleTestSuite.Constructor_ThreePointsOnThePlane_ReturnsTriangle" executed="True" result="Success" success="True" time="0.012" asserts="3" />
                  <test-case name="GeometricalObjects.Tests.TriangleTestSuite.IsEquilateral_WhenAllAnglesEqual_ReturnsTrue" executed="True" result="Success" success="True" time="0.012" asserts="1" />
                  <test-case name="GeometricalObjects.Tests.TriangleTestSuite.IsEquilateral_WhenNotAllAnglesEqual_ReturnsFalse" executed="True" result="Success" success="True" time="0.002" asserts="1" />
                  <test-case name="GeometricalObjects.Tests.TriangleTestSuite.IsIsocolese_WhenAllAnglesEqual_ReturnsFalse" executed="True" result="Success" success="True" time="0.002" asserts="1" />
                  <test-case name="GeometricalObjects.Tests.TriangleTestSuite.IsIsocolese_WhenNoSidesEqual_ReturnsFalse" executed="True" result="Success" success="True" time="0.001" asserts="1" />
                  <test-case name="GeometricalObjects.Tests.TriangleTestSuite.IsIsocolese_WhenTwoAnglesEqualButNotThree_ReturnsTrue" executed="True" result="Success" success="True" time="0.005" asserts="1" />
                  <test-case name="GeometricalObjects.Tests.TriangleTestSuite.IsScalene_WhenIsEquilateral_ReturnsFalse" executed="True" result="Success" success="True" time="0.007" asserts="1" />
                  <test-case name="GeometricalObjects.Tests.TriangleTestSuite.IsScalene_WhenIsIscocolese_ReturnsFalse" executed="True" result="Success" success="True" time="0.001" asserts="1" />
                  <test-case name="GeometricalObjects.Tests.TriangleTestSuite.IsScalene_WhenNoSidesEqual_ReturnsTrue" executed="True" result="Success" success="True" time="0.002" asserts="1" />
                </results>
              </test-suite>
            </results>
          </test-suite>
        </results>
      </test-suite>
    </results>
  </test-suite>
</test-results>