<?xml version="1.0" encoding="utf-8" standalone="no"?>
<!--This file represents the results of running a test suite-->
<test-results name="C:\Users\DeathByVegetables\Triangles\TriangleAssignment\TriangleTestSuite\bin\Debug\TriangleTestSuite.dll" total="25" errors="0" failures="0" not-run="0" inconclusive="0" ignored="0" skipped="0" invalid="0" date="2010-08-25" time="21:21:58">
  <environment nunit-version="2.5.6.10205" clr-version="2.0.50727.4206" os-version="Microsoft Windows NT 6.0.6002 Service Pack 2" platform="Win32NT" cwd="C:\Users\DeathByVegetables\Triangles\TriangleAssignment\TriangleTestSuite\bin\Debug" machine-name="DEATHBYVEGET-PC" user="DeathByVegetables" user-domain="DeathByVeget-PC" />
  <culture-info current-culture="en-GB" current-uiculture="en-US" />
  <test-suite type="Assembly" name="C:\Users\DeathByVegetables\Triangles\TriangleAssignment\TriangleTestSuite\bin\Debug\TriangleTestSuite.dll" executed="True" result="Success" success="True" time="0.802" asserts="0">
    <results>
      <test-suite type="Namespace" name="GeometricalObjects" executed="True" result="Success" success="True" time="0.632" asserts="0">
        <results>
          <test-suite type="Namespace" name="Tests" executed="True" result="Success" success="True" time="0.632" asserts="0">
            <results>
              <test-suite type="TestFixture" name="TriangleTestSuite" executed="True" result="Success" success="True" time="0.631" asserts="0">
                <results>
                  <test-suite type="ParameterizedTest" name="Constructor_WithInvalidSideInput_ThrowsException" executed="True" result="Success" success="True" time="0.428" asserts="0">
                    <results>
                      <test-case name="GeometricalObjects.Tests.TriangleTestSuite.Constructor_WithInvalidSideInput_ThrowsException(3,4,8)" executed="True" result="Success" success="True" time="0.421" asserts="0" />
                    </results>
                  </test-suite>
                  <test-suite type="ParameterizedTest" name="Constructor_WithThreeProperSides_ProperTriangle" executed="True" result="Success" success="True" time="0.035" asserts="0">
                    <results>
                      <test-case name="GeometricalObjects.Tests.TriangleTestSuite.Constructor_WithThreeProperSides_ProperTriangle(3,4,5)" executed="True" result="Success" success="True" time="0.035" asserts="1" />
                    </results>
                  </test-suite>
                  <test-suite type="ParameterizedTest" name="IsEquilateral_WhenAllSidesEqual_ReturnsTrue" executed="True" result="Success" success="True" time="0.005" asserts="0">
                    <results>
                      <test-case name="GeometricalObjects.Tests.TriangleTestSuite.IsEquilateral_WhenAllSidesEqual_ReturnsTrue(2,2,2)" executed="True" result="Success" success="True" time="0.003" asserts="2" />
                    </results>
                  </test-suite>
                  <test-suite type="ParameterizedTest" name="IsEquilateral_WhenSidesNotEqual_ReturnsFalse" executed="True" result="Success" success="True" time="0.092" asserts="0">
                    <results>
                      <test-case name="GeometricalObjects.Tests.TriangleTestSuite.IsEquilateral_WhenSidesNotEqual_ReturnsFalse(2,2,3)" executed="True" result="Success" success="True" time="0.002" asserts="2" />
                      <test-case name="GeometricalObjects.Tests.TriangleTestSuite.IsEquilateral_WhenSidesNotEqual_ReturnsFalse(2,3,2)" executed="True" result="Success" success="True" time="0.000" asserts="2" />
                      <test-case name="GeometricalObjects.Tests.TriangleTestSuite.IsEquilateral_WhenSidesNotEqual_ReturnsFalse(3,2,2)" executed="True" result="Success" success="True" time="0.000" asserts="2" />
                      <test-case name="GeometricalObjects.Tests.TriangleTestSuite.IsEquilateral_WhenSidesNotEqual_ReturnsFalse(4,2,3)" executed="True" result="Success" success="True" time="0.000" asserts="2" />
                    </results>
                  </test-suite>
                  <test-suite type="ParameterizedTest" name="IsIsocolese_WhenNoSidesEqual_ReturnsFalse" executed="True" result="Success" success="True" time="0.001" asserts="0">
                    <results>
                      <test-case name="GeometricalObjects.Tests.TriangleTestSuite.IsIsocolese_WhenNoSidesEqual_ReturnsFalse(18,44,30)" executed="True" result="Success" success="True" time="0.001" asserts="2" />
                      <test-case name="GeometricalObjects.Tests.TriangleTestSuite.IsIsocolese_WhenNoSidesEqual_ReturnsFalse(5,8,7)" executed="True" result="Success" success="True" time="0.000" asserts="2" />
                      <test-case name="GeometricalObjects.Tests.TriangleTestSuite.IsIsocolese_WhenNoSidesEqual_ReturnsFalse(2,4,3)" executed="True" result="Success" success="True" time="0.000" asserts="2" />
                    </results>
                  </test-suite>
                  <test-suite type="ParameterizedTest" name="IsIsocolese_WhenTwoSidesEqual_ReturnsTrue" executed="True" result="Success" success="True" time="0.000" asserts="0">
                    <results>
                      <test-case name="GeometricalObjects.Tests.TriangleTestSuite.IsIsocolese_WhenTwoSidesEqual_ReturnsTrue(5,5,3)" executed="True" result="Success" success="True" time="0.000" asserts="2" />
                      <test-case name="GeometricalObjects.Tests.TriangleTestSuite.IsIsocolese_WhenTwoSidesEqual_ReturnsTrue(2,4,4)" executed="True" result="Success" success="True" time="0.000" asserts="2" />
                      <test-case name="GeometricalObjects.Tests.TriangleTestSuite.IsIsocolese_WhenTwoSidesEqual_ReturnsTrue(8,8,7)" executed="True" result="Success" success="True" time="0.000" asserts="2" />
                    </results>
                  </test-suite>
                  <test-suite type="ParameterizedTest" name="IsScalene_WhenIsEquilateral_ReturnsFalse" executed="True" result="Success" success="True" time="0.002" asserts="0">
                    <results>
                      <test-case name="GeometricalObjects.Tests.TriangleTestSuite.IsScalene_WhenIsEquilateral_ReturnsFalse(2,4,3)" executed="True" result="Success" success="True" time="0.001" asserts="2" />
                      <test-case name="GeometricalObjects.Tests.TriangleTestSuite.IsScalene_WhenIsEquilateral_ReturnsFalse(18,44,30)" executed="True" result="Success" success="True" time="0.000" asserts="2" />
                      <test-case name="GeometricalObjects.Tests.TriangleTestSuite.IsScalene_WhenIsEquilateral_ReturnsFalse(5,8,7)" executed="True" result="Success" success="True" time="0.000" asserts="2" />
                    </results>
                  </test-suite>
                  <test-suite type="ParameterizedTest" name="IsScalene_WhenIsIscocolese_ReturnsFalse" executed="True" result="Success" success="True" time="0.000" asserts="0">
                    <results>
                      <test-case name="GeometricalObjects.Tests.TriangleTestSuite.IsScalene_WhenIsIscocolese_ReturnsFalse(5,8,7)" executed="True" result="Success" success="True" time="0.000" asserts="2" />
                      <test-case name="GeometricalObjects.Tests.TriangleTestSuite.IsScalene_WhenIsIscocolese_ReturnsFalse(18,44,30)" executed="True" result="Success" success="True" time="0.000" asserts="2" />
                      <test-case name="GeometricalObjects.Tests.TriangleTestSuite.IsScalene_WhenIsIscocolese_ReturnsFalse(2,4,3)" executed="True" result="Success" success="True" time="0.000" asserts="2" />
                    </results>
                  </test-suite>
                  <test-suite type="ParameterizedTest" name="IsScalene_WhenNoSidesEqual_ReturnsTrue" executed="True" result="Success" success="True" time="0.001" asserts="0">
                    <results>
                      <test-case name="GeometricalObjects.Tests.TriangleTestSuite.IsScalene_WhenNoSidesEqual_ReturnsTrue(2,4,3)" executed="True" result="Success" success="True" time="0.001" asserts="2" />
                      <test-case name="GeometricalObjects.Tests.TriangleTestSuite.IsScalene_WhenNoSidesEqual_ReturnsTrue(18,44,30)" executed="True" result="Success" success="True" time="0.000" asserts="2" />
                      <test-case name="GeometricalObjects.Tests.TriangleTestSuite.IsScalene_WhenNoSidesEqual_ReturnsTrue(5,8,7)" executed="True" result="Success" success="True" time="0.000" asserts="2" />
                    </results>
                  </test-suite>
                  <test-suite type="ParameterizedTest" name="IsScalene_WhenSidesEqual_ReturnsFalse" executed="True" result="Success" success="True" time="0.001" asserts="0">
                    <results>
                      <test-case name="GeometricalObjects.Tests.TriangleTestSuite.IsScalene_WhenSidesEqual_ReturnsFalse(18,44,44)" executed="True" result="Success" success="True" time="0.001" asserts="2" />
                      <test-case name="GeometricalObjects.Tests.TriangleTestSuite.IsScalene_WhenSidesEqual_ReturnsFalse(7,8,7)" executed="True" result="Success" success="True" time="0.000" asserts="2" />
                      <test-case name="GeometricalObjects.Tests.TriangleTestSuite.IsScalene_WhenSidesEqual_ReturnsFalse(4,4,3)" executed="True" result="Success" success="True" time="0.000" asserts="2" />
                    </results>
                  </test-suite>
                </results>
              </test-suite>
            </results>
          </test-suite>
        </results>
      </test-suite>
    </results>
  </test-suite>
</test-results>