<?xml version="1.0" encoding="utf-8" standalone="no"?>
<!--This file represents the results of running a test suite-->
<test-results name="C:\Users\DeathByVegetables\Triangles\TriangleAssignment\TriangleTestSuite\bin\Debug\TriangleTestSuite.dll" total="19" errors="0" failures="0" not-run="0" inconclusive="0" ignored="0" skipped="0" invalid="0" date="2010-08-10" time="21:53:25">
  <environment nunit-version="2.5.6.10205" clr-version="2.0.50727.4200" os-version="Microsoft Windows NT 6.0.6002 Service Pack 2" platform="Win32NT" cwd="C:\Users\DeathByVegetables\Triangles\TriangleAssignment\TriangleTestSuite\bin\Debug" machine-name="DEATHBYVEGET-PC" user="DeathByVegetables" user-domain="DeathByVeget-PC" />
  <culture-info current-culture="en-GB" current-uiculture="en-US" />
  <test-suite type="Assembly" name="C:\Users\DeathByVegetables\Triangles\TriangleAssignment\TriangleTestSuite\bin\Debug\TriangleTestSuite.dll" executed="True" result="Success" success="True" time="1.294" asserts="0">
    <results>
      <test-suite type="Namespace" name="GeometricalObjects" executed="True" result="Success" success="True" time="1.271" asserts="0">
        <results>
          <test-suite type="Namespace" name="Tests" executed="True" result="Success" success="True" time="1.255" asserts="0">
            <results>
              <test-suite type="TestFixture" name="PointTests" executed="True" result="Success" success="True" time="0.104" asserts="0">
                <results>
                  <test-case name="GeometricalObjects.Tests.PointTests.Constructor_PassedXandY_SetsXandY" executed="True" result="Success" success="True" time="0.022" asserts="2" />
                  <test-suite type="ParameterizedTest" name="Equals_DifferentPoints_ReturnsFalse" executed="True" result="Success" success="True" time="0.022" asserts="0">
                    <results>
                      <test-case name="GeometricalObjects.Tests.PointTests.Equals_DifferentPoints_ReturnsFalse(4,5,99,100)" executed="True" result="Success" success="True" time="0.004" asserts="4" />
                      <test-case name="GeometricalObjects.Tests.PointTests.Equals_DifferentPoints_ReturnsFalse(1,2,3,4)" executed="True" result="Success" success="True" time="0.000" asserts="4" />
                    </results>
                  </test-suite>
                  <test-case name="GeometricalObjects.Tests.PointTests.Equals_NotAPoint_ReturnsFalse" executed="True" result="Success" success="True" time="0.000" asserts="1" />
                  <test-suite type="ParameterizedTest" name="Equals_SamePoints_ReturnsTrue" executed="True" result="Success" success="True" time="0.014" asserts="0">
                    <results>
                      <test-case name="GeometricalObjects.Tests.PointTests.Equals_SamePoints_ReturnsTrue(1,2,1,2)" executed="True" result="Success" success="True" time="0.000" asserts="4" />
                      <test-case name="GeometricalObjects.Tests.PointTests.Equals_SamePoints_ReturnsTrue(2,3,2,3)" executed="True" result="Success" success="True" time="0.000" asserts="4" />
                    </results>
                  </test-suite>
                  <test-suite type="ParameterizedTest" name="ToString_WithTwoPoints_ReturnsDescriptiveText" executed="True" result="Success" success="True" time="0.001" asserts="0">
                    <results>
                      <test-case name="GeometricalObjects.Tests.PointTests.ToString_WithTwoPoints_ReturnsDescriptiveText(1,2,&quot;X = 1 Y = 2&quot;)" executed="True" result="Success" success="True" time="0.001" asserts="2" />
                      <test-case name="GeometricalObjects.Tests.PointTests.ToString_WithTwoPoints_ReturnsDescriptiveText(2,3,&quot;X = 2 Y = 3&quot;)" executed="True" result="Success" success="True" time="0.000" asserts="2" />
                    </results>
                  </test-suite>
                </results>
              </test-suite>
              <test-suite type="TestFixture" name="TriangleTestSuite" executed="True" result="Success" success="True" time="1.149" asserts="0">
                <results>
                  <test-case name="GeometricalObjects.Tests.TriangleTestSuite.Constructor_InAStraightLine_ThrowsArgumentException" executed="True" result="Success" success="True" time="1.012" asserts="0" />
                  <test-case name="GeometricalObjects.Tests.TriangleTestSuite.Constructor_InternalAnglesNotEqualTo180Degrees_ThrowException" executed="True" result="Success" success="True" time="0.012" asserts="0" />
                  <test-case name="GeometricalObjects.Tests.TriangleTestSuite.Constructor_ThreePointsOnThePlane_ReturnsTriangle" executed="True" result="Success" success="True" time="0.003" asserts="3" />
                  <test-case name="GeometricalObjects.Tests.TriangleTestSuite.IsEquilateral_WhenAllAnglesEqual_ReturnsTrue" executed="True" result="Success" success="True" time="0.010" asserts="1" />
                  <test-case name="GeometricalObjects.Tests.TriangleTestSuite.IsEquilateral_WhenNotAllAnglesEqual_ReturnsFalse" executed="True" result="Success" success="True" time="0.001" asserts="1" />
                  <test-case name="GeometricalObjects.Tests.TriangleTestSuite.IsIsocolese_WhenAllAnglesEqual_ReturnsFalse" executed="True" result="Success" success="True" time="0.002" asserts="1" />
                  <test-case name="GeometricalObjects.Tests.TriangleTestSuite.IsIsocolese_WhenNoSidesEqual_ReturnsFalse" executed="True" result="Success" success="True" time="0.004" asserts="1" />
                  <test-case name="GeometricalObjects.Tests.TriangleTestSuite.IsIsocolese_WhenTwoAnglesEqualButNotThree_ReturnsTrue" executed="True" result="Success" success="True" time="0.003" asserts="1" />
                  <test-case name="GeometricalObjects.Tests.TriangleTestSuite.IsScalene_WhenIsEquilateral_ReturnsFalse" executed="True" result="Success" success="True" time="0.007" asserts="1" />
                  <test-case name="GeometricalObjects.Tests.TriangleTestSuite.IsScalene_WhenIsIscocolese_ReturnsFalse" executed="True" result="Success" success="True" time="0.002" asserts="1" />
                  <test-case name="GeometricalObjects.Tests.TriangleTestSuite.IsScalene_WhenNoSidesEqual_ReturnsTrue" executed="True" result="Success" success="True" time="0.002" asserts="1" />
                </results>
              </test-suite>
            </results>
          </test-suite>
        </results>
      </test-suite>
    </results>
  </test-suite>
</test-results>