<?xml version="1.0" encoding="utf-8" standalone="no"?>
<!--This file represents the results of running a test suite-->
<test-results name="C:\Users\DeathByVegetables\Triangles\TriangleAssignment\TriangleTestSuite\bin\Debug\TriangleTestSuite.dll" total="28" errors="0" failures="0" not-run="0" inconclusive="0" ignored="0" skipped="0" invalid="0" date="2010-08-17" time="21:13:37">
  <environment nunit-version="2.5.6.10205" clr-version="2.0.50727.4206" os-version="Microsoft Windows NT 6.0.6002 Service Pack 2" platform="Win32NT" cwd="C:\Users\DeathByVegetables\Triangles\TriangleAssignment\TriangleTestSuite\bin\Debug" machine-name="DEATHBYVEGET-PC" user="DeathByVegetables" user-domain="DeathByVeget-PC" />
  <culture-info current-culture="en-GB" current-uiculture="en-US" />
  <test-suite type="Assembly" name="C:\Users\DeathByVegetables\Triangles\TriangleAssignment\TriangleTestSuite\bin\Debug\TriangleTestSuite.dll" executed="True" result="Success" success="True" time="0.685" asserts="0">
    <results>
      <test-suite type="Namespace" name="GeometricalObjects" executed="True" result="Success" success="True" time="0.673" asserts="0">
        <results>
          <test-suite type="TestFixture" name="GeometryCalculatorTestSuite" executed="True" result="Success" success="True" time="0.108" asserts="0">
            <results>
              <test-suite type="ParameterizedTest" name="CalculateArea_ThreeSides_TriangleArea" executed="True" result="Success" success="True" time="0.024" asserts="0">
                <results>
                  <test-case name="GeometricalObjects.GeometryCalculatorTestSuite.CalculateArea_ThreeSides_TriangleArea(3.0d,4.0d,5.0d,6.0d)" executed="True" result="Success" success="True" time="0.017" asserts="2" />
                </results>
              </test-suite>
              <test-suite type="ParameterizedTest" name="GetHeight_GiveAreaAndBase_ReturnsHeight" executed="True" result="Success" success="True" time="0.007" asserts="0">
                <results>
                  <test-case name="GeometricalObjects.GeometryCalculatorTestSuite.GetHeight_GiveAreaAndBase_ReturnsHeight(48.0d,12.0d,8.0d)" executed="True" result="Success" success="True" time="0.001" asserts="2" />
                  <test-case name="GeometricalObjects.GeometryCalculatorTestSuite.GetHeight_GiveAreaAndBase_ReturnsHeight(12.0d,6.0d,4.0d)" executed="True" result="Success" success="True" time="0.000" asserts="2" />
                </results>
              </test-suite>
              <test-case name="GeometricalObjects.GeometryCalculatorTestSuite.GetHeight_GiveZeroBaseSide_ThrowsArgumentException" executed="True" result="Success" success="True" time="0.005" asserts="0" />
              <test-case name="GeometricalObjects.GeometryCalculatorTestSuite.GetInternalAngle_PassTriangleVertices_ReturnInternalAngle" executed="True" result="Success" success="True" time="0.021" asserts="3" />
              <test-suite type="ParameterizedTest" name="TestCalculator_TwoPointsOnThePlane_DistanceBetweenPoints" executed="True" result="Success" success="True" time="0.018" asserts="0">
                <results>
                  <test-case name="GeometricalObjects.GeometryCalculatorTestSuite.TestCalculator_TwoPointsOnThePlane_DistanceBetweenPoints(3.0d,4.0d,3.0d,6.0d,2.0d)" executed="True" result="Success" success="True" time="0.001" asserts="2" />
                  <test-case name="GeometricalObjects.GeometryCalculatorTestSuite.TestCalculator_TwoPointsOnThePlane_DistanceBetweenPoints(8.0d,4.0d,3.0d,4.0d,5.0d)" executed="True" result="Success" success="True" time="0.000" asserts="2" />
                  <test-case name="GeometricalObjects.GeometryCalculatorTestSuite.TestCalculator_TwoPointsOnThePlane_DistanceBetweenPoints(3.0d,4.0d,7.0d,7.0d,5.0d)" executed="True" result="Success" success="True" time="0.000" asserts="2" />
                  <test-case name="GeometricalObjects.GeometryCalculatorTestSuite.TestCalculator_TwoPointsOnThePlane_DistanceBetweenPoints(3.0d,4.0d,3.0d,4.0d,0.0d)" executed="True" result="Success" success="True" time="0.000" asserts="2" />
                </results>
              </test-suite>
            </results>
          </test-suite>
          <test-suite type="Namespace" name="Tests" executed="True" result="Success" success="True" time="0.552" asserts="0">
            <results>
              <test-suite type="TestFixture" name="PointTests" executed="True" result="Success" success="True" time="0.051" asserts="0">
                <results>
                  <test-case name="GeometricalObjects.Tests.PointTests.Constructor_PassedXandY_SetsXandY" executed="True" result="Success" success="True" time="0.001" asserts="2" />
                  <test-suite type="ParameterizedTest" name="Equals_DifferentPoints_ReturnsFalse" executed="True" result="Success" success="True" time="0.007" asserts="0">
                    <results>
                      <test-case name="GeometricalObjects.Tests.PointTests.Equals_DifferentPoints_ReturnsFalse(4,5,99,100)" executed="True" result="Success" success="True" time="0.002" asserts="4" />
                      <test-case name="GeometricalObjects.Tests.PointTests.Equals_DifferentPoints_ReturnsFalse(1,2,3,4)" executed="True" result="Success" success="True" time="0.000" asserts="4" />
                    </results>
                  </test-suite>
                  <test-case name="GeometricalObjects.Tests.PointTests.Equals_NotAPoint_ReturnsFalse" executed="True" result="Success" success="True" time="0.001" asserts="1" />
                  <test-suite type="ParameterizedTest" name="Equals_SamePoints_ReturnsTrue" executed="True" result="Success" success="True" time="0.007" asserts="0">
                    <results>
                      <test-case name="GeometricalObjects.Tests.PointTests.Equals_SamePoints_ReturnsTrue(2,3,2,3)" executed="True" result="Success" success="True" time="0.001" asserts="4" />
                      <test-case name="GeometricalObjects.Tests.PointTests.Equals_SamePoints_ReturnsTrue(1,2,1,2)" executed="True" result="Success" success="True" time="0.000" asserts="4" />
                    </results>
                  </test-suite>
                  <test-suite type="ParameterizedTest" name="ToString_WithTwoPoints_ReturnsDescriptiveText" executed="True" result="Success" success="True" time="0.006" asserts="0">
                    <results>
                      <test-case name="GeometricalObjects.Tests.PointTests.ToString_WithTwoPoints_ReturnsDescriptiveText(2,3,&quot;X = 2 Y = 3&quot;)" executed="True" result="Success" success="True" time="0.001" asserts="2" />
                      <test-case name="GeometricalObjects.Tests.PointTests.ToString_WithTwoPoints_ReturnsDescriptiveText(1,2,&quot;X = 1 Y = 2&quot;)" executed="True" result="Success" success="True" time="0.000" asserts="2" />
                    </results>
                  </test-suite>
                </results>
              </test-suite>
              <test-suite type="TestFixture" name="TriangleTestSuite" executed="True" result="Success" success="True" time="0.493" asserts="0">
                <results>
                  <test-case name="GeometricalObjects.Tests.TriangleTestSuite.Constructor_InAStraightLine_ThrowsArgumentException" executed="True" result="Success" success="True" time="0.421" asserts="0" />
                  <test-case name="GeometricalObjects.Tests.TriangleTestSuite.Constructor_ThreePointsOnThePlane_ReturnsTriangle" executed="True" result="Success" success="True" time="0.011" asserts="1" />
                  <test-case name="GeometricalObjects.Tests.TriangleTestSuite.IsEquilateral_WhenAllAnglesEqual_ReturnsTrue" executed="True" result="Success" success="True" time="0.005" asserts="2" />
                  <test-case name="GeometricalObjects.Tests.TriangleTestSuite.IsEquilateral_WhenNotAllAnglesEqual_ReturnsFalse" executed="True" result="Success" success="True" time="0.002" asserts="2" />
                  <test-case name="GeometricalObjects.Tests.TriangleTestSuite.IsIsocolese_WhenAllAnglesEqual_ReturnsFalse" executed="True" result="Success" success="True" time="0.003" asserts="2" />
                  <test-case name="GeometricalObjects.Tests.TriangleTestSuite.IsIsocolese_WhenNoSidesEqual_ReturnsFalse" executed="True" result="Success" success="True" time="0.001" asserts="2" />
                  <test-case name="GeometricalObjects.Tests.TriangleTestSuite.IsIsocolese_WhenTwoAnglesEqualButNotThree_ReturnsTrue" executed="True" result="Success" success="True" time="0.002" asserts="2" />
                  <test-case name="GeometricalObjects.Tests.TriangleTestSuite.IsScalene_WhenIsEquilateral_ReturnsFalse" executed="True" result="Success" success="True" time="0.002" asserts="2" />
                  <test-case name="GeometricalObjects.Tests.TriangleTestSuite.IsScalene_WhenIsIscocolese_ReturnsFalse" executed="True" result="Success" success="True" time="0.002" asserts="2" />
                  <test-case name="GeometricalObjects.Tests.TriangleTestSuite.IsScalene_WhenNoSidesEqual_ReturnsTrue" executed="True" result="Success" success="True" time="0.002" asserts="2" />
                  <test-case name="GeometricalObjects.Tests.TriangleTestSuite.Print_WhenCalled_CallsDrawLineThreeTimesOnGraphicProgram" executed="True" result="Success" success="True" time="0.001" asserts="0" />
                </results>
              </test-suite>
            </results>
          </test-suite>
        </results>
      </test-suite>
    </results>
  </test-suite>
</test-results>